# JRE version: Java(TM) SE Runtime Environment (21.0.9+7) (build 21.0.9+7-LTS-338)
# Java VM: Java HotSpot(TM) 64-Bit Server VM (21.0.9+7-LTS-338, mixed mode, sharing, tiered, compressed oops, compressed class ptrs, g1 gc, windows-amd64)
GC Precious Log:
 CardTable entry size: 512
 Card Set container configuration: InlinePtr #cards 5 size 8 Array Of Cards #cards 12 size 40 Howl #buckets 4 coarsen threshold 1843 Howl Bitmap #cards 512 size 80 coarsen threshold 460 Card regions per heap region 1 cards per card region 2048
 CPUs: 4 total, 4 available
 Memory: 7934M
 Large Page Support: Disabled
 NUMA Support: Disabled
 Compressed Oops: Enabled (32-bit)
 Heap Region Size: 1M
 Heap Min Capacity: 8M
 Heap Initial Capacity: 8M
 Heap Max Capacity: 1984M
 Pre-touch: Disabled
 Parallel Workers: 4
 Concurrent Workers: 1
 Concurrent Refinement Workers: 4
 Periodic GC: Disabled
Heap:
 garbage-first heap   total 17408K, used 9829K [0x0000000084000000, 0x0000000100000000)
  region size 1024K, 1 young (1024K), 1 survivors (1024K)
 Metaspace       used 9189K, committed 9344K, reserved 1114112K
  class space    used 990K, committed 1024K, reserved 1048576K
GC Heap History (20 events):
Event: 0.200 GC heap before
{Heap before GC invocations=2 (full 0):
 garbage-first heap   total 8192K, used 1997K [0x0000000084000000, 0x0000000100000000)
  region size 1024K, 2 young (2048K), 1 survivors (1024K)
 Metaspace       used 2249K, committed 2368K, reserved 1114112K
  class space    used 250K, committed 320K, reserved 1048576K
}
Event: 0.201 GC heap after
{Heap after GC invocations=3 (full 0):
 garbage-first heap   total 8192K, used 1525K [0x0000000084000000, 0x0000000100000000)
  region size 1024K, 1 young (1024K), 1 survivors (1024K)
 Metaspace       used 2249K, committed 2368K, reserved 1114112K
  class space    used 250K, committed 320K, reserved 1048576K
}
Event: 0.216 GC heap before
{Heap before GC invocations=3 (full 0):
 garbage-first heap   total 8192K, used 2549K [0x0000000084000000, 0x0000000100000000)
  region size 1024K, 2 young (2048K), 1 survivors (1024K)
 Metaspace       used 2266K, committed 2432K, reserved 1114112K
  class space    used 250K, committed 320K, reserved 1048576K
}
Event: 0.217 GC heap after
{Heap after GC invocations=4 (full 0):
 garbage-first heap   total 8192K, used 1473K [0x0000000084000000, 0x0000000100000000)
  region size 1024K, 1 young (1024K), 1 survivors (1024K)
 Metaspace       used 2266K, committed 2432K, reserved 1114112K
  class space    used 250K, committed 320K, reserved 1048576K
}
Event: 0.314 GC heap before
{Heap before GC invocations=4 (full 0):
 garbage-first heap   total 8192K, used 3521K [0x0000000084000000, 0x0000000100000000)
  region size 1024K, 3 young (3072K), 1 survivors (1024K)
 Metaspace       used 4780K, committed 4992K, reserved 1114112K
  class space    used 576K, committed 704K, reserved 1048576K
}
Event: 0.315 GC heap after
{Heap after GC invocations=5 (full 0):
 garbage-first heap   total 12288K, used 2114K [0x0000000084000000, 0x0000000100000000)
  region size 1024K, 1 young (1024K), 1 survivors (1024K)
 Metaspace       used 4780K, committed 4992K, reserved 1114112K
  class space    used 576K, committed 704K, reserved 1048576K
}
Event: 0.426 GC heap before
{Heap before GC invocations=5 (full 0):
 garbage-first heap   total 12288K, used 5186K [0x0000000084000000, 0x0000000100000000)
  region size 1024K, 5 young (5120K), 1 survivors (1024K)
 Metaspace       used 7863K, committed 8000K, reserved 1114112K
  class space    used 872K, committed 960K, reserved 1048576K
}
Event: 0.430 GC heap after
{Heap after GC invocations=6 (full 0):
 garbage-first heap   total 12288K, used 4594K [0x0000000084000000, 0x0000000100000000)
  region size 1024K, 1 young (1024K), 1 survivors (1024K)
 Metaspace       used 7863K, committed 8000K, reserved 1114112K
  class space    used 872K, committed 960K, reserved 1048576K
}
Event: 0.490 GC heap before
{Heap before GC invocations=6 (full 0):
 garbage-first heap   total 12288K, used 6642K [0x0000000084000000, 0x0000000100000000)
  region size 1024K, 3 young (3072K), 1 survivors (1024K)
 Metaspace       used 8120K, committed 8256K, reserved 1114112K
  class space    used 876K, committed 960K, reserved 1048576K
}
Event: 0.492 GC heap after
{Heap after GC invocations=7 (full 0):
 garbage-first heap   total 12288K, used 5089K [0x0000000084000000, 0x0000000100000000)
  region size 1024K, 1 young (1024K), 1 survivors (1024K)
 Metaspace       used 8120K, committed 8256K, reserved 1114112K
  class space    used 876K, committed 960K, reserved 1048576K
}
Event: 0.530 GC heap before
{Heap before GC invocations=7 (full 0):
 garbage-first heap   total 12288K, used 6113K [0x0000000084000000, 0x0000000100000000)
  region size 1024K, 3 young (3072K), 1 survivors (1024K)
 Metaspace       used 8299K, committed 8512K, reserved 1114112K
  class space    used 898K, committed 1024K, reserved 1048576K
}
Event: 0.531 GC heap after
{Heap after GC invocations=8 (full 0):
 garbage-first heap   total 12288K, used 5359K [0x0000000084000000, 0x0000000100000000)
  region size 1024K, 1 young (1024K), 1 survivors (1024K)
 Metaspace       used 8299K, committed 8512K, reserved 1114112K
  class space    used 898K, committed 1024K, reserved 1048576K
}
Event: 0.590 GC heap before
{Heap before GC invocations=8 (full 0):
 garbage-first heap   total 12288K, used 7407K [0x0000000084000000, 0x0000000100000000)
  region size 1024K, 3 young (3072K), 1 survivors (1024K)
 Metaspace       used 8918K, committed 9024K, reserved 1114112K
  class space    used 971K, committed 1024K, reserved 1048576K
}
Event: 0.593 GC heap after
{Heap after GC invocations=9 (full 0):
 garbage-first heap   total 15360K, used 6216K [0x0000000084000000, 0x0000000100000000)
  region size 1024K, 1 young (1024K), 1 survivors (1024K)
 Metaspace       used 8918K, committed 9024K, reserved 1114112K
  class space    used 971K, committed 1024K, reserved 1048576K
}
Event: 0.638 GC heap before
{Heap before GC invocations=9 (full 0):
 garbage-first heap   total 15360K, used 9288K [0x0000000084000000, 0x0000000100000000)
  region size 1024K, 4 young (4096K), 1 survivors (1024K)
 Metaspace       used 9144K, committed 9280K, reserved 1114112K
  class space    used 990K, committed 1024K, reserved 1048576K
}
Event: 0.640 GC heap after
{Heap after GC invocations=10 (full 0):
 garbage-first heap   total 15360K, used 7172K [0x0000000084000000, 0x0000000100000000)
  region size 1024K, 1 young (1024K), 1 survivors (1024K)
 Metaspace       used 9144K, committed 9280K, reserved 1114112K
  class space    used 990K, committed 1024K, reserved 1048576K
}
Event: 0.677 GC heap before
{Heap before GC invocations=10 (full 0):
 garbage-first heap   total 15360K, used 10244K [0x0000000084000000, 0x0000000100000000)
  region size 1024K, 4 young (4096K), 1 survivors (1024K)
 Metaspace       used 9181K, committed 9280K, reserved 1114112K
  class space    used 990K, committed 1024K, reserved 1048576K
}
Event: 0.678 GC heap after
{Heap after GC invocations=11 (full 0):
 garbage-first heap   total 15360K, used 8290K [0x0000000084000000, 0x0000000100000000)
  region size 1024K, 1 young (1024K), 1 survivors (1024K)
 Metaspace       used 9181K, committed 9280K, reserved 1114112K
  class space    used 990K, committed 1024K, reserved 1048576K
}
Event: 0.699 GC heap before
{Heap before GC invocations=12 (full 0):
 garbage-first heap   total 17408K, used 10338K [0x0000000084000000, 0x0000000100000000)
  region size 1024K, 3 young (3072K), 1 survivors (1024K)
 Metaspace       used 9185K, committed 9280K, reserved 1114112K
  class space    used 990K, committed 1024K, reserved 1048576K
}
Event: 0.701 GC heap after
{Heap after GC invocations=13 (full 0):
 garbage-first heap   total 17408K, used 9017K [0x0000000084000000, 0x0000000100000000)
  region size 1024K, 1 young (1024K), 1 survivors (1024K)
 Metaspace       used 9185K, committed 9280K, reserved 1114112K
  class space    used 990K, committed 1024K, reserved 1048576K
}

